This is pdfTeX, Version 3.141592653-2.6-1.40.23 (MiKTeX 21.8) (preloaded format=pdflatex 2021.11.6)  7 NOV 2021 19:28
entering extended mode
**./U2_TZ.tex
(U2_TZ.tex
LaTeX2e <2021-06-01> patch level 1
L3 programming layer <2021-08-27>
(C:\Users\monik\AppData\Local\Programs\MiKTeX\tex/latex/base\article.cls
Document Class: article 2021/02/12 v1.4n Standard LaTeX document class
(C:\Users\monik\AppData\Local\Programs\MiKTeX\tex/latex/base\size11.clo
File: size11.clo 2021/02/12 v1.4n Standard LaTeX file (size option)
)
\c@part=\count182
\c@section=\count183
\c@subsection=\count184
\c@subsubsection=\count185
\c@paragraph=\count186
\c@subparagraph=\count187
\c@figure=\count188
\c@table=\count189
\abovecaptionskip=\skip47
\belowcaptionskip=\skip48
\bibindent=\dimen138
)
(C:\Users\monik\AppData\Local\Programs\MiKTeX\tex/latex/base\inputenc.sty
Package: inputenc 2021/02/14 v1.3d Input encoding file
\inpenc@prehook=\toks16
\inpenc@posthook=\toks17
)
(C:\Users\monik\AppData\Local\Programs\MiKTeX\tex/latex/base\fontenc.sty
Package: fontenc 2021/04/29 v2.0v Standard LaTeX package
)
(C:\Users\monik\AppData\Local\Programs\MiKTeX\tex/latex/psnfss\mathpazo.sty
Package: mathpazo 2020/03/25 PSNFSS-v9.3 Palatino w/ Pazo Math (D.Puga, WaS) 
\symupright=\mathgroup4
)
(C:\Users\monik\AppData\Local\Programs\MiKTeX\tex/generic/babel\babel.sty
Package: babel 2021/07/22 3.63 The Babel package

(C:\Users\monik\AppData\Local\Programs\MiKTeX\tex/generic/babel\babel.def
File: babel.def 2021/07/22 3.63 Babel common definitions
\babel@savecnt=\count190
\U@D=\dimen139
\l@unhyphenated=\language79

(C:\Users\monik\AppData\Local\Programs\MiKTeX\tex/generic/babel\txtbabel.def)
\bbl@readstream=\read2
)
\bbl@dirlevel=\count191

*************************************
* Local config file bblopts.cfg used
*
(C:\Users\monik\AppData\Local\Programs\MiKTeX\tex/latex/arabi\bblopts.cfg
File: bblopts.cfg 2005/09/08 v0.1 add Arabic and Farsi to "declared" options of
 babel
)
(C:\Users\monik\AppData\Local\Programs\MiKTeX\tex/latex/babel-czech\czech.ldf
Language: czech 2008/07/06 v3.1a Czech support from the babel system
Package babel Info: Making " an active character on input line 172.
\cs@wordlen=\count192
Package babel Info: Making - an active character on input line 226.
)) (C:\Users\monik\AppData\Local\Programs\MiKTeX\tex/latex/graphics\graphicx.st
y
Package: graphicx 2020/12/05 v1.2c Enhanced LaTeX Graphics (DPC,SPQR)

(C:\Users\monik\AppData\Local\Programs\MiKTeX\tex/latex/graphics\keyval.sty
Package: keyval 2014/10/28 v1.15 key=value parser (DPC)
\KV@toks@=\toks18
)
(C:\Users\monik\AppData\Local\Programs\MiKTeX\tex/latex/graphics\graphics.sty
Package: graphics 2021/03/04 v1.4d Standard LaTeX Graphics (DPC,SPQR)

(C:\Users\monik\AppData\Local\Programs\MiKTeX\tex/latex/graphics\trig.sty
Package: trig 2016/01/03 v1.10 sin cos tan (DPC)
)
(C:\Users\monik\AppData\Local\Programs\MiKTeX\tex/latex/graphics-cfg\graphics.c
fg
File: graphics.cfg 2016/06/04 v1.11 sample graphics configuration
)
Package graphics Info: Driver file: pdftex.def on input line 107.

(C:\Users\monik\AppData\Local\Programs\MiKTeX\tex/latex/graphics-def\pdftex.def
File: pdftex.def 2020/10/05 v1.2a Graphics/color driver for pdftex
))
\Gin@req@height=\dimen140
\Gin@req@width=\dimen141
) (C:\Users\monik\AppData\Local\Programs\MiKTeX\tex/latex/amsmath\amsmath.sty
Package: amsmath 2021/04/20 v2.17j AMS math features
\@mathmargin=\skip49
For additional information on amsmath, use the `?' option.
(C:\Users\monik\AppData\Local\Programs\MiKTeX\tex/latex/amsmath\amstext.sty
Package: amstext 2000/06/29 v2.01 AMS text

(C:\Users\monik\AppData\Local\Programs\MiKTeX\tex/latex/amsmath\amsgen.sty
File: amsgen.sty 1999/11/30 v2.0 generic functions
\@emptytoks=\toks19
\ex@=\dimen142
))
(C:\Users\monik\AppData\Local\Programs\MiKTeX\tex/latex/amsmath\amsbsy.sty
Package: amsbsy 1999/11/29 v1.2d Bold Symbols
\pmbraise@=\dimen143
)
(C:\Users\monik\AppData\Local\Programs\MiKTeX\tex/latex/amsmath\amsopn.sty
Package: amsopn 2016/03/08 v2.02 operator names
)
\inf@bad=\count193
LaTeX Info: Redefining \frac on input line 234.
\uproot@=\count194
\leftroot@=\count195
LaTeX Info: Redefining \overline on input line 399.
\classnum@=\count196
\DOTSCASE@=\count197
LaTeX Info: Redefining \ldots on input line 496.
LaTeX Info: Redefining \dots on input line 499.
LaTeX Info: Redefining \cdots on input line 620.
\Mathstrutbox@=\box50
\strutbox@=\box51
\big@size=\dimen144
LaTeX Font Info:    Redeclaring font encoding OML on input line 743.
LaTeX Font Info:    Redeclaring font encoding OMS on input line 744.
\macc@depth=\count198
\c@MaxMatrixCols=\count199
\dotsspace@=\muskip16
\c@parentequation=\count266
\dspbrk@lvl=\count267
\tag@help=\toks20
\row@=\count268
\column@=\count269
\maxfields@=\count270
\andhelp@=\toks21
\eqnshift@=\dimen145
\alignsep@=\dimen146
\tagshift@=\dimen147
\tagwidth@=\dimen148
\totwidth@=\dimen149
\lineht@=\dimen150
\@envbody=\toks22
\multlinegap=\skip50
\multlinetaggap=\skip51
\mathdisplay@stack=\toks23
LaTeX Info: Redefining \[ on input line 2923.
LaTeX Info: Redefining \] on input line 2924.
)
(C:\Users\monik\AppData\Local\Programs\MiKTeX\tex/latex/pdfpages\pdfpages.sty
Package: pdfpages 2021/03/06 v0.5t Insert pages of external PDF documents (AM)

(C:\Users\monik\AppData\Local\Programs\MiKTeX\tex/latex/base\ifthen.sty
Package: ifthen 2020/11/24 v1.1c Standard LaTeX ifthen package (DPC)
)
(C:\Users\monik\AppData\Local\Programs\MiKTeX\tex/latex/tools\calc.sty
Package: calc 2017/05/25 v4.3 Infix arithmetic (KKT,FJ)
\calc@Acount=\count271
\calc@Bcount=\count272
\calc@Adimen=\dimen151
\calc@Bdimen=\dimen152
\calc@Askip=\skip52
\calc@Bskip=\skip53
LaTeX Info: Redefining \setlength on input line 80.
LaTeX Info: Redefining \addtolength on input line 81.
\calc@Ccount=\count273
\calc@Cskip=\skip54
)
(C:\Users\monik\AppData\Local\Programs\MiKTeX\tex/latex/eso-pic\eso-pic.sty
Package: eso-pic 2020/10/14 v3.0a eso-pic (RN)
\ESO@tempdima=\dimen153
\ESO@tempdimb=\dimen154

(C:\Users\monik\AppData\Local\Programs\MiKTeX\tex/latex/xcolor\xcolor.sty
Package: xcolor 2016/05/11 v2.12 LaTeX color extensions (UK)

(C:\Users\monik\AppData\Local\Programs\MiKTeX\tex/latex/graphics-cfg\color.cfg
File: color.cfg 2016/01/02 v1.6 sample color configuration
)
Package xcolor Info: Driver file: pdftex.def on input line 225.
Package xcolor Info: Model `cmy' substituted by `cmy0' on input line 1348.
Package xcolor Info: Model `hsb' substituted by `rgb' on input line 1352.
Package xcolor Info: Model `RGB' extended on input line 1364.
Package xcolor Info: Model `HTML' substituted by `rgb' on input line 1366.
Package xcolor Info: Model `Hsb' substituted by `hsb' on input line 1367.
Package xcolor Info: Model `tHsb' substituted by `hsb' on input line 1368.
Package xcolor Info: Model `HSB' substituted by `hsb' on input line 1369.
Package xcolor Info: Model `Gray' substituted by `gray' on input line 1370.
Package xcolor Info: Model `wave' substituted by `hsb' on input line 1371.
))
\AM@pagewidth=\dimen155
\AM@pageheight=\dimen156
\AM@fboxrule=\dimen157

(C:\Users\monik\AppData\Local\Programs\MiKTeX\tex/latex/pdfpages\pppdftex.def
File: pppdftex.def 2021/03/06 v0.5t Pdfpages driver for pdfTeX (AM)
)
\pdfpages@includegraphics@status=\count274
\AM@pagebox=\box52
\AM@global@opts=\toks24
\AM@pagecnt=\count275
\AM@toc@title=\toks25
\c@AM@survey=\count276
\AM@templatesizebox=\box53
)
LaTeX Font Info:    Trying to load font information for T1+ppl on input line 13
.
(C:\Users\monik\AppData\Local\Programs\MiKTeX\tex/latex/psnfss\t1ppl.fd
File: t1ppl.fd 2001/06/04 font definitions for T1/ppl.
)
(C:\Users\monik\AppData\Local\Programs\MiKTeX\tex/latex/l3backend\l3backend-pdf
tex.def
File: l3backend-pdftex.def 2021-08-04 L3 backend support: PDF output (pdfTeX)
\l__color_backend_stack_int=\count277
\l__pdf_internal_box=\box54
) (U2_TZ.aux)
\openout1 = `U2_TZ.aux'.

LaTeX Font Info:    Checking defaults for OML/cmm/m/it on input line 13.
LaTeX Font Info:    ... okay on input line 13.
LaTeX Font Info:    Checking defaults for OMS/cmsy/m/n on input line 13.
LaTeX Font Info:    ... okay on input line 13.
LaTeX Font Info:    Checking defaults for OT1/cmr/m/n on input line 13.
LaTeX Font Info:    ... okay on input line 13.
LaTeX Font Info:    Checking defaults for T1/cmr/m/n on input line 13.
LaTeX Font Info:    ... okay on input line 13.
LaTeX Font Info:    Checking defaults for TS1/cmr/m/n on input line 13.
LaTeX Font Info:    ... okay on input line 13.
LaTeX Font Info:    Checking defaults for OMX/cmex/m/n on input line 13.
LaTeX Font Info:    ... okay on input line 13.
LaTeX Font Info:    Checking defaults for U/cmr/m/n on input line 13.
LaTeX Font Info:    ... okay on input line 13.

(C:\Users\monik\AppData\Local\Programs\MiKTeX\tex/context/base/mkii\supp-pdf.mk
ii
[Loading MPS to PDF converter (version 2006.09.02).]
\scratchcounter=\count278
\scratchdimen=\dimen158
\scratchbox=\box55
\nofMPsegments=\count279
\nofMParguments=\count280
\everyMPshowfont=\toks26
\MPscratchCnt=\count281
\MPscratchDim=\dimen159
\MPnumerator=\count282
\makeMPintoPDFobject=\count283
\everyMPtoPDFconversion=\toks27
)
(C:\Users\monik\AppData\Local\Programs\MiKTeX\tex/latex/epstopdf-pkg\epstopdf-b
ase.sty
Package: epstopdf-base 2020-01-24 v2.11 Base part for package epstopdf
Package epstopdf-base Info: Redefining graphics rule for `.eps' on input line 4
85.

(C:\Users\monik\AppData\Local\Programs\MiKTeX\tex/latex/00miktex\epstopdf-sys.c
fg
File: epstopdf-sys.cfg 2021/03/18 v2.0 Configuration of epstopdf for MiKTeX
))
(C:\Users\monik\AppData\Local\Programs\MiKTeX\tex/latex/pdflscape\pdflscape.sty
Package: pdflscape 2019/12/05 v0.12 Display of landscape pages in PDF (HO)
(C:\Users\monik\AppData\Local\Programs\MiKTeX\tex/generic/iftex\iftex.sty
Package: iftex 2020/03/06 v1.0d TeX engine tests
)
(C:\Users\monik\AppData\Local\Programs\MiKTeX\tex/latex/graphics\lscape.sty
Package: lscape 2020/05/28 v3.02 Landscape Pages (DPC)
)
Package pdflscape Info: Auto-detected driver: pdftex on input line 81.
)
[1

{C:/Users/monik/AppData/Local/MiKTeX/pdftex/config/pdftex.map}] (U2_TZ.toc
LaTeX Font Info:    Trying to load font information for OT1+ppl on input line 6
.

(C:\Users\monik\AppData\Local\Programs\MiKTeX\tex/latex/psnfss\ot1ppl.fd
File: ot1ppl.fd 2001/06/04 font definitions for OT1/ppl.
)
LaTeX Font Info:    Trying to load font information for OML+zplm on input line 
6.

(C:\Users\monik\AppData\Local\Programs\MiKTeX\tex/latex/psnfss\omlzplm.fd
File: omlzplm.fd 2002/09/08 Fontinst v1.914 font definitions for OML/zplm.
)
LaTeX Font Info:    Trying to load font information for OMS+zplm on input line 
6.

(C:\Users\monik\AppData\Local\Programs\MiKTeX\tex/latex/psnfss\omszplm.fd
File: omszplm.fd 2002/09/08 Fontinst v1.914 font definitions for OMS/zplm.
)
LaTeX Font Info:    Trying to load font information for OMX+zplm on input line 
6.

(C:\Users\monik\AppData\Local\Programs\MiKTeX\tex/latex/psnfss\omxzplm.fd
File: omxzplm.fd 2002/09/08 Fontinst v1.914 font definitions for OMX/zplm.
)
LaTeX Font Info:    Trying to load font information for OT1+zplm on input line 
6.

(C:\Users\monik\AppData\Local\Programs\MiKTeX\tex/latex/psnfss\ot1zplm.fd
File: ot1zplm.fd 2002/09/08 Fontinst v1.914 font definitions for OT1/zplm.
))
\tf@toc=\write3
\openout3 = `U2_TZ.toc'.


[1]
Overfull \hbox (1.9958pt too wide) in paragraph at lines 94--95
\T1/ppl/m/n/10.95 vexní obálky. Hlavní sm¥ry bu-dov bu-dou ur-£eny me-to-dami M
i-ni-mum Area
 []

<adkcv2.pdf, id=10, 614.295pt x 794.97pt>
File: adkcv2.pdf Graphic file (type pdf)
<use adkcv2.pdf>
Package pdftex.def Info: adkcv2.pdf  used on input line 102.
(pdftex.def)             Requested size: 614.29349pt x 794.96806pt.
File: adkcv2.pdf Graphic file (type pdf)
<use adkcv2.pdf>
Package pdftex.def Info: adkcv2.pdf  used on input line 102.
(pdftex.def)             Requested size: 614.29349pt x 794.96806pt.
<adkcv2.pdf, id=13, page=1, 614.295pt x 794.97pt>
File: adkcv2.pdf Graphic file (type pdf)
<use adkcv2.pdf, page 1>
Package pdftex.def Info: adkcv2.pdf , page1 used on input line 102.
(pdftex.def)             Requested size: 614.29349pt x 794.96806pt.
File: adkcv2.pdf Graphic file (type pdf)
<use adkcv2.pdf, page 1>
Package pdftex.def Info: adkcv2.pdf , page1 used on input line 102.
(pdftex.def)             Requested size: 614.58406pt x 795.3441pt.
[2

]
File: adkcv2.pdf Graphic file (type pdf)
<use adkcv2.pdf, page 1>
Package pdftex.def Info: adkcv2.pdf , page1 used on input line 102.
(pdftex.def)             Requested size: 614.58406pt x 795.3441pt.
File: adkcv2.pdf Graphic file (type pdf)
<use adkcv2.pdf, page 1>
Package pdftex.def Info: adkcv2.pdf , page1 used on input line 102.
(pdftex.def)             Requested size: 614.58406pt x 795.3441pt.
File: adkcv2.pdf Graphic file (type pdf)
<use adkcv2.pdf, page 1>
Package pdftex.def Info: adkcv2.pdf , page1 used on input line 102.
(pdftex.def)             Requested size: 614.58406pt x 795.3441pt.
 [3 <./adkcv2.pdf>]
LaTeX Font Info:    Trying to load font information for TS1+ppl on input line 1
16.

(C:\Users\monik\AppData\Local\Programs\MiKTeX\tex/latex/psnfss\ts1ppl.fd
File: ts1ppl.fd 2001/06/04 font definitions for TS1/ppl.
)
Overfull \hbox (1.24712pt too wide) in paragraph at lines 123--124
\T1/ppl/m/n/10.95 toda Lon-gest Edge im-ple-men-to-vána ve t°íd¥ Al-go-ri-thms 
a tak-téº je ji moºné
 []


Overfull \hbox (0.32199pt too wide) in paragraph at lines 135--136
[]\T1/ppl/m/n/10.95 Jednotlivé ge-ne-ra-li-za£ní al-go-ritmy hle-dají hlavní sm
¥r na-to-£ení bu-dovy,
 []

[4] [5] [6] [7] [8] [9] (U2_TZ.aux) ) 
Here is how much of TeX's memory you used:
 4740 strings out of 478927
 69946 string characters out of 2852535
 388131 words of memory out of 3000000
 22500 multiletter control sequences out of 15000+600000
 438053 words of font info for 86 fonts, out of 8000000 for 9000
 1141 hyphenation exceptions out of 8191
 62i,17n,75p,833b,429s stack positions out of 5000i,500n,10000p,200000b,80000s
{C:/Users/monik/AppData/Local/Programs/MiK
TeX/fonts/enc/dvips/base/8r.enc}<C:/Users/monik/AppData/Local/Programs/MiKTeX/f
onts/type1/public/amsfonts/cm/cmb10.pfb><C:/Users/monik/AppData/Local/Programs/
MiKTeX/fonts/type1/public/amsfonts/cm/cmex10.pfb><C:/Users/monik/AppData/Local/
Programs/MiKTeX/fonts/type1/public/amsfonts/cm/cmmi10.pfb><C:/Users/monik/AppDa
ta/Local/Programs/MiKTeX/fonts/type1/public/amsfonts/cm/cmmi7.pfb><C:/Users/mon
ik/AppData/Local/Programs/MiKTeX/fonts/type1/public/amsfonts/cm/cmr10.pfb><C:/U
sers/monik/AppData/Local/Programs/MiKTeX/fonts/type1/public/amsfonts/cm/cmr7.pf
b><C:/Users/monik/AppData/Local/Programs/MiKTeX/fonts/type1/public/amsfonts/cm/
cmr9.pfb><C:/Users/monik/AppData/Local/Programs/MiKTeX/fonts/type1/public/amsfo
nts/cm/cmsy10.pfb><C:/Users/monik/AppData/Local/Programs/MiKTeX/fonts/type1/pub
lic/amsfonts/cm/cmti10.pfb><C:/Users/monik/AppData/Local/Programs/MiKTeX/fonts/
type1/public/amsfonts/cm/cmti9.pfb><C:/Users/monik/AppData/Local/Programs/MiKTe
X/fonts/type1/public/mathpazo/fplmr.pfb><C:/Users/monik/AppData/Local/Programs/
MiKTeX/fonts/type1/public/mathpazo/fplmri.pfb><C:/Users/monik/AppData/Local/Pro
grams/MiKTeX/fonts/type1/urw/palatino/uplb8a.pfb><C:/Users/monik/AppData/Local/
Programs/MiKTeX/fonts/type1/urw/palatino/uplr8a.pfb><C:/Users/monik/AppData/Loc
al/Programs/MiKTeX/fonts/type1/urw/palatino/uplri8a.pfb>
Output written on U2_TZ.pdf (10 pages, 225752 bytes).
PDF statistics:
 145 PDF objects out of 1000 (max. 8388607)
 0 named destinations out of 1000 (max. 500000)
 21 words of extra memory for PDF output out of 10000 (max. 10000000)

